Symlinking /home/cnsa_hao/BIN/Test02_ego/devel/lib/patchwork/pub_for_legoloam
Symlinking /home/cnsa_hao/BIN/Test02_ego/devel/lib/patchwork/ros_kitti
Symlinking /home/cnsa_hao/BIN/Test02_ego/devel/lib/patchwork/offline_kitti
Symlinking /home/cnsa_hao/BIN/Test02_ego/devel/lib/patchwork/offline_own_data
Symlinking /home/cnsa_hao/BIN/Test02_ego/devel/lib/pkgconfig/patchwork.pc
Symlinking /home/cnsa_hao/BIN/Test02_ego/devel/lib/python3/dist-packages/patchwork/__init__.py
Symlinking /home/cnsa_hao/BIN/Test02_ego/devel/lib/python3/dist-packages/patchwork/msg/_node.py
Symlinking /home/cnsa_hao/BIN/Test02_ego/devel/lib/python3/dist-packages/patchwork/msg/__init__.py
Symlinking /home/cnsa_hao/BIN/Test02_ego/devel/lib/python3/dist-packages/patchwork/msg/_ground_estimate.py
Symlinking /home/cnsa_hao/BIN/Test02_ego/devel/include/patchwork/node.h
Symlinking /home/cnsa_hao/BIN/Test02_ego/devel/include/patchwork/ground_estimate.h
Symlinking /home/cnsa_hao/BIN/Test02_ego/devel/share/patchwork/cmake/patchworkConfig-version.cmake
Symlinking /home/cnsa_hao/BIN/Test02_ego/devel/share/patchwork/cmake/patchwork-msg-paths.cmake
Symlinking /home/cnsa_hao/BIN/Test02_ego/devel/share/patchwork/cmake/patchwork-msg-extras.cmake
Symlinking /home/cnsa_hao/BIN/Test02_ego/devel/share/patchwork/cmake/patchworkConfig.cmake
Symlinking /home/cnsa_hao/BIN/Test02_ego/devel/share/roseus/ros/patchwork/manifest.l
Symlinking /home/cnsa_hao/BIN/Test02_ego/devel/share/roseus/ros/patchwork/msg/node.l
Symlinking /home/cnsa_hao/BIN/Test02_ego/devel/share/roseus/ros/patchwork/msg/ground_estimate.l
Symlinking /home/cnsa_hao/BIN/Test02_ego/devel/share/common-lisp/ros/patchwork/msg/_package_node.lisp
Symlinking /home/cnsa_hao/BIN/Test02_ego/devel/share/common-lisp/ros/patchwork/msg/node.lisp
Symlinking /home/cnsa_hao/BIN/Test02_ego/devel/share/common-lisp/ros/patchwork/msg/_package.lisp
Symlinking /home/cnsa_hao/BIN/Test02_ego/devel/share/common-lisp/ros/patchwork/msg/patchwork-msg.asd
Symlinking /home/cnsa_hao/BIN/Test02_ego/devel/share/common-lisp/ros/patchwork/msg/_package_ground_estimate.lisp
Symlinking /home/cnsa_hao/BIN/Test02_ego/devel/share/common-lisp/ros/patchwork/msg/ground_estimate.lisp
Symlinking /home/cnsa_hao/BIN/Test02_ego/devel/share/gennodejs/ros/patchwork/_index.js
Symlinking /home/cnsa_hao/BIN/Test02_ego/devel/share/gennodejs/ros/patchwork/msg/_index.js
Symlinking /home/cnsa_hao/BIN/Test02_ego/devel/share/gennodejs/ros/patchwork/msg/node.js
Symlinking /home/cnsa_hao/BIN/Test02_ego/devel/share/gennodejs/ros/patchwork/msg/ground_estimate.js
