In file included from [01m[K/usr/include/boost/preprocessor/tuple/elem.hpp:23[m[K,
                 from [01m[K/usr/include/boost/preprocessor/arithmetic/add.hpp:21[m[K,
                 from [01m[K/usr/include/boost/mpl/aux_/preprocessor/def_params_tail.hpp:66[m[K,
                 from [01m[K/usr/include/boost/mpl/aux_/na_spec.hpp:28[m[K,
                 from [01m[K/usr/include/boost/mpl/next_prior.hpp:18[m[K,
                 from [01m[K/usr/include/boost/mpl/next.hpp:17[m[K,
                 from [01m[K/usr/include/boost/mpl/list/aux_/push_front.hpp:18[m[K,
                 from [01m[K/usr/include/boost/mpl/list/list0.hpp:19[m[K,
                 from [01m[K/usr/include/boost/mpl/list/list10.hpp:18[m[K,
                 from [01m[K/usr/include/boost/mpl/list/list20.hpp:18[m[K,
                 from [01m[K/usr/include/boost/mpl/list.hpp:36[m[K,
                 from [01m[K/usr/include/boost/math/policies/policy.hpp:9[m[K,
                 from [01m[K/usr/include/boost/math/policies/error_handling.hpp:21[m[K,
                 from [01m[K/usr/include/boost/math/special_functions/round.hpp:14[m[K,
                 from [01m[K/opt/ros/noetic/include/ros/time.h:58[m[K,
                 from [01m[K/opt/ros/noetic/include/ros/serialization.h:34[m[K,
                 from [01m[K/home/cnsa_hao/BIN/Test02_ego/devel/.private/patchwork/include/patchwork/node.h:14[m[K,
                 from [01m[K/home/cnsa_hao/BIN/Test02_ego/src/patchwork/nodes/offline_kitti.cpp:7[m[K:
[01m[K/home/cnsa_hao/BIN/Test02_ego/src/patchwork/include/patchwork/utils.hpp:68:36:[m[K [01;35m[Kwarning: [m[K‘[01m[Kusing uint16_t = uint16_t[m[K’ is deprecated: use std::uint16_t instead of pcl::uint16_t [[01;35m[K-Wdeprecated-declarations[m[K]
   68 |                                   ([01;35m[Kuint16_t[m[K, label, label)
      |                                    [01;35m[K^~~~~~~~[m[K
In file included from [01m[K/usr/include/pcl-1.10/pcl/PCLPointField.h:10[m[K,
                 from [01m[K/usr/include/pcl-1.10/pcl/conversions.h:46[m[K,
                 from [01m[K/opt/ros/noetic/include/pcl_conversions/pcl_conversions.h:44[m[K,
                 from [01m[K/home/cnsa_hao/BIN/Test02_ego/src/patchwork/include/patchwork/patchwork.hpp:10[m[K,
                 from [01m[K/home/cnsa_hao/BIN/Test02_ego/src/patchwork/nodes/offline_kitti.cpp:8[m[K:
[01m[K/usr/include/pcl-1.10/pcl/pcl_macros.h:94:9:[m[K [01;36m[Knote: [m[Kdeclared here
   94 |   using [01;36m[Kuint16_t[m[K [[deprecated("use std::uint16_t instead of pcl::uint16_t")]] = std::uint16_t;
      |         [01;36m[K^~~~~~~~[m[K
In file included from [01m[K/usr/include/boost/preprocessor/tuple/elem.hpp:23[m[K,
                 from [01m[K/usr/include/boost/preprocessor/arithmetic/add.hpp:21[m[K,
                 from [01m[K/usr/include/boost/mpl/aux_/preprocessor/def_params_tail.hpp:66[m[K,
                 from [01m[K/usr/include/boost/mpl/aux_/na_spec.hpp:28[m[K,
                 from [01m[K/usr/include/boost/mpl/next_prior.hpp:18[m[K,
                 from [01m[K/usr/include/boost/mpl/next.hpp:17[m[K,
                 from [01m[K/usr/include/boost/mpl/list/aux_/push_front.hpp:18[m[K,
                 from [01m[K/usr/include/boost/mpl/list/list0.hpp:19[m[K,
                 from [01m[K/usr/include/boost/mpl/list/list10.hpp:18[m[K,
                 from [01m[K/usr/include/boost/mpl/list/list20.hpp:18[m[K,
                 from [01m[K/usr/include/boost/mpl/list.hpp:36[m[K,
                 from [01m[K/usr/include/boost/math/policies/policy.hpp:9[m[K,
                 from [01m[K/usr/include/boost/math/policies/error_handling.hpp:21[m[K,
                 from [01m[K/usr/include/boost/math/special_functions/round.hpp:14[m[K,
                 from [01m[K/opt/ros/noetic/include/ros/time.h:58[m[K,
                 from [01m[K/opt/ros/noetic/include/ros/serialization.h:34[m[K,
                 from [01m[K/home/cnsa_hao/BIN/Test02_ego/devel/.private/patchwork/include/patchwork/node.h:14[m[K,
                 from [01m[K/home/cnsa_hao/BIN/Test02_ego/src/patchwork/nodes/offline_kitti.cpp:7[m[K:
[01m[K/home/cnsa_hao/BIN/Test02_ego/src/patchwork/include/patchwork/utils.hpp:69:36:[m[K [01;35m[Kwarning: [m[K‘[01m[Kusing uint16_t = uint16_t[m[K’ is deprecated: use std::uint16_t instead of pcl::uint16_t [[01;35m[K-Wdeprecated-declarations[m[K]
   69 |                                   ([01;35m[Kuint16_t[m[K, id, id))
      |                                    [01;35m[K^~~~~~~~[m[K
In file included from [01m[K/usr/include/pcl-1.10/pcl/PCLPointField.h:10[m[K,
                 from [01m[K/usr/include/pcl-1.10/pcl/conversions.h:46[m[K,
                 from [01m[K/opt/ros/noetic/include/pcl_conversions/pcl_conversions.h:44[m[K,
                 from [01m[K/home/cnsa_hao/BIN/Test02_ego/src/patchwork/include/patchwork/patchwork.hpp:10[m[K,
                 from [01m[K/home/cnsa_hao/BIN/Test02_ego/src/patchwork/nodes/offline_kitti.cpp:8[m[K:
[01m[K/usr/include/pcl-1.10/pcl/pcl_macros.h:94:9:[m[K [01;36m[Knote: [m[Kdeclared here
   94 |   using [01;36m[Kuint16_t[m[K [[deprecated("use std::uint16_t instead of pcl::uint16_t")]] = std::uint16_t;
      |         [01;36m[K^~~~~~~~[m[K
In file included from [01m[K/usr/include/boost/preprocessor/tuple/elem.hpp:23[m[K,
                 from [01m[K/usr/include/boost/preprocessor/arithmetic/add.hpp:21[m[K,
                 from [01m[K/usr/include/boost/mpl/aux_/preprocessor/def_params_tail.hpp:66[m[K,
                 from [01m[K/usr/include/boost/mpl/aux_/na_spec.hpp:28[m[K,
                 from [01m[K/usr/include/boost/mpl/next_prior.hpp:18[m[K,
                 from [01m[K/usr/include/boost/mpl/next.hpp:17[m[K,
                 from [01m[K/usr/include/boost/mpl/list/aux_/push_front.hpp:18[m[K,
                 from [01m[K/usr/include/boost/mpl/list/list0.hpp:19[m[K,
                 from [01m[K/usr/include/boost/mpl/list/list10.hpp:18[m[K,
                 from [01m[K/usr/include/boost/mpl/list/list20.hpp:18[m[K,
                 from [01m[K/usr/include/boost/mpl/list.hpp:36[m[K,
                 from [01m[K/usr/include/boost/math/policies/policy.hpp:9[m[K,
                 from [01m[K/usr/include/boost/math/policies/error_handling.hpp:21[m[K,
                 from [01m[K/usr/include/boost/math/special_functions/round.hpp:14[m[K,
                 from [01m[K/opt/ros/noetic/include/ros/time.h:58[m[K,
                 from [01m[K/opt/ros/noetic/include/ros/serialization.h:34[m[K,
                 from [01m[K/home/cnsa_hao/BIN/Test02_ego/devel/.private/patchwork/include/patchwork/node.h:14[m[K,
                 from [01m[K/home/cnsa_hao/BIN/Test02_ego/src/patchwork/nodes/ros_kitti.cpp:3[m[K:
[01m[K/home/cnsa_hao/BIN/Test02_ego/src/patchwork/include/patchwork/utils.hpp:68:36:[m[K [01;35m[Kwarning: [m[K‘[01m[Kusing uint16_t = uint16_t[m[K’ is deprecated: use std::uint16_t instead of pcl::uint16_t [[01;35m[K-Wdeprecated-declarations[m[K]
   68 |                                   ([01;35m[Kuint16_t[m[K, label, label)
      |                                    [01;35m[K^~~~~~~~[m[K
In file included from [01m[K/usr/include/pcl-1.10/pcl/PCLPointField.h:10[m[K,
                 from [01m[K/usr/include/pcl-1.10/pcl/conversions.h:46[m[K,
                 from [01m[K/opt/ros/noetic/include/pcl_conversions/pcl_conversions.h:44[m[K,
                 from [01m[K/home/cnsa_hao/BIN/Test02_ego/src/patchwork/include/patchwork/patchwork.hpp:10[m[K,
                 from [01m[K/home/cnsa_hao/BIN/Test02_ego/src/patchwork/nodes/ros_kitti.cpp:4[m[K:
[01m[K/usr/include/pcl-1.10/pcl/pcl_macros.h:94:9:[m[K [01;36m[Knote: [m[Kdeclared here
   94 |   using [01;36m[Kuint16_t[m[K [[deprecated("use std::uint16_t instead of pcl::uint16_t")]] = std::uint16_t;
      |         [01;36m[K^~~~~~~~[m[K
In file included from [01m[K/usr/include/boost/preprocessor/tuple/elem.hpp:23[m[K,
                 from [01m[K/usr/include/boost/preprocessor/arithmetic/add.hpp:21[m[K,
                 from [01m[K/usr/include/boost/mpl/aux_/preprocessor/def_params_tail.hpp:66[m[K,
                 from [01m[K/usr/include/boost/mpl/aux_/na_spec.hpp:28[m[K,
                 from [01m[K/usr/include/boost/mpl/next_prior.hpp:18[m[K,
                 from [01m[K/usr/include/boost/mpl/next.hpp:17[m[K,
                 from [01m[K/usr/include/boost/mpl/list/aux_/push_front.hpp:18[m[K,
                 from [01m[K/usr/include/boost/mpl/list/list0.hpp:19[m[K,
                 from [01m[K/usr/include/boost/mpl/list/list10.hpp:18[m[K,
                 from [01m[K/usr/include/boost/mpl/list/list20.hpp:18[m[K,
                 from [01m[K/usr/include/boost/mpl/list.hpp:36[m[K,
                 from [01m[K/usr/include/boost/math/policies/policy.hpp:9[m[K,
                 from [01m[K/usr/include/boost/math/policies/error_handling.hpp:21[m[K,
                 from [01m[K/usr/include/boost/math/special_functions/round.hpp:14[m[K,
                 from [01m[K/opt/ros/noetic/include/ros/time.h:58[m[K,
                 from [01m[K/opt/ros/noetic/include/ros/serialization.h:34[m[K,
                 from [01m[K/home/cnsa_hao/BIN/Test02_ego/devel/.private/patchwork/include/patchwork/node.h:14[m[K,
                 from [01m[K/home/cnsa_hao/BIN/Test02_ego/src/patchwork/nodes/ros_kitti.cpp:3[m[K:
[01m[K/home/cnsa_hao/BIN/Test02_ego/src/patchwork/include/patchwork/utils.hpp:69:36:[m[K [01;35m[Kwarning: [m[K‘[01m[Kusing uint16_t = uint16_t[m[K’ is deprecated: use std::uint16_t instead of pcl::uint16_t [[01;35m[K-Wdeprecated-declarations[m[K]
   69 |                                   ([01;35m[Kuint16_t[m[K, id, id))
      |                                    [01;35m[K^~~~~~~~[m[K
In file included from [01m[K/usr/include/pcl-1.10/pcl/PCLPointField.h:10[m[K,
                 from [01m[K/usr/include/pcl-1.10/pcl/conversions.h:46[m[K,
                 from [01m[K/opt/ros/noetic/include/pcl_conversions/pcl_conversions.h:44[m[K,
                 from [01m[K/home/cnsa_hao/BIN/Test02_ego/src/patchwork/include/patchwork/patchwork.hpp:10[m[K,
                 from [01m[K/home/cnsa_hao/BIN/Test02_ego/src/patchwork/nodes/ros_kitti.cpp:4[m[K:
[01m[K/usr/include/pcl-1.10/pcl/pcl_macros.h:94:9:[m[K [01;36m[Knote: [m[Kdeclared here
   94 |   using [01;36m[Kuint16_t[m[K [[deprecated("use std::uint16_t instead of pcl::uint16_t")]] = std::uint16_t;
      |         [01;36m[K^~~~~~~~[m[K
In file included from [01m[K/home/cnsa_hao/BIN/Test02_ego/src/patchwork/include/tools/kitti_loader.hpp:4[m[K,
                 from [01m[K/home/cnsa_hao/BIN/Test02_ego/src/patchwork/nodes/offline_kitti.cpp:10[m[K:
[01m[K/home/cnsa_hao/BIN/Test02_ego/src/patchwork/include/patchwork/utils.hpp:[m[K In function ‘[01m[Kint save_all_labels(const pcl::PointCloud<PointXYZILID>&, std::string, std::string, int)[m[K’:
[01m[K/home/cnsa_hao/BIN/Test02_ego/src/patchwork/include/patchwork/utils.hpp:239:1:[m[K [01;35m[Kwarning: [m[Kno return statement in function returning non-void [[01;35m[K-Wreturn-type[m[K]
  239 | [01;35m[K}[m[K
      | [01;35m[K^[m[K
In file included from [01m[K/home/cnsa_hao/BIN/Test02_ego/src/patchwork/include/tools/kitti_loader.hpp:4[m[K,
                 from [01m[K/home/cnsa_hao/BIN/Test02_ego/src/patchwork/nodes/ros_kitti.cpp:7[m[K:
[01m[K/home/cnsa_hao/BIN/Test02_ego/src/patchwork/include/patchwork/utils.hpp:[m[K In function ‘[01m[Kint save_all_labels(const pcl::PointCloud<PointXYZILID>&, std::string, std::string, int)[m[K’:
[01m[K/home/cnsa_hao/BIN/Test02_ego/src/patchwork/include/patchwork/utils.hpp:239:1:[m[K [01;35m[Kwarning: [m[Kno return statement in function returning non-void [[01;35m[K-Wreturn-type[m[K]
  239 | [01;35m[K}[m[K
      | [01;35m[K^[m[K
In file included from [01m[K/usr/include/boost/preprocessor/tuple/elem.hpp:23[m[K,
                 from [01m[K/usr/include/boost/preprocessor/arithmetic/add.hpp:21[m[K,
                 from [01m[K/usr/include/boost/mpl/aux_/preprocessor/def_params_tail.hpp:66[m[K,
                 from [01m[K/usr/include/boost/mpl/aux_/na_spec.hpp:28[m[K,
                 from [01m[K/usr/include/boost/mpl/next_prior.hpp:18[m[K,
                 from [01m[K/usr/include/boost/mpl/next.hpp:17[m[K,
                 from [01m[K/usr/include/boost/mpl/list/aux_/push_front.hpp:18[m[K,
                 from [01m[K/usr/include/boost/mpl/list/list0.hpp:19[m[K,
                 from [01m[K/usr/include/boost/mpl/list/list10.hpp:18[m[K,
                 from [01m[K/usr/include/boost/mpl/list/list20.hpp:18[m[K,
                 from [01m[K/usr/include/boost/mpl/list.hpp:36[m[K,
                 from [01m[K/usr/include/boost/math/policies/policy.hpp:9[m[K,
                 from [01m[K/usr/include/boost/math/policies/error_handling.hpp:21[m[K,
                 from [01m[K/usr/include/boost/math/special_functions/round.hpp:14[m[K,
                 from [01m[K/opt/ros/noetic/include/ros/time.h:58[m[K,
                 from [01m[K/opt/ros/noetic/include/ros/serialization.h:34[m[K,
                 from [01m[K/home/cnsa_hao/BIN/Test02_ego/devel/.private/patchwork/include/patchwork/node.h:14[m[K,
                 from [01m[K/home/cnsa_hao/BIN/Test02_ego/src/patchwork/nodes/pub_for_legoloam.cpp:3[m[K:
[01m[K/home/cnsa_hao/BIN/Test02_ego/src/patchwork/include/patchwork/utils.hpp:68:36:[m[K [01;35m[Kwarning: [m[K‘[01m[Kusing uint16_t = uint16_t[m[K’ is deprecated: use std::uint16_t instead of pcl::uint16_t [[01;35m[K-Wdeprecated-declarations[m[K]
   68 |                                   ([01;35m[Kuint16_t[m[K, label, label)
      |                                    [01;35m[K^~~~~~~~[m[K
In file included from [01m[K/usr/include/pcl-1.10/pcl/PCLPointField.h:10[m[K,
                 from [01m[K/usr/include/pcl-1.10/pcl/conversions.h:46[m[K,
                 from [01m[K/opt/ros/noetic/include/pcl_conversions/pcl_conversions.h:44[m[K,
                 from [01m[K/home/cnsa_hao/BIN/Test02_ego/src/patchwork/include/patchwork/patchwork.hpp:10[m[K,
                 from [01m[K/home/cnsa_hao/BIN/Test02_ego/src/patchwork/nodes/pub_for_legoloam.cpp:5[m[K:
[01m[K/usr/include/pcl-1.10/pcl/pcl_macros.h:94:9:[m[K [01;36m[Knote: [m[Kdeclared here
   94 |   using [01;36m[Kuint16_t[m[K [[deprecated("use std::uint16_t instead of pcl::uint16_t")]] = std::uint16_t;
      |         [01;36m[K^~~~~~~~[m[K
In file included from [01m[K/usr/include/boost/preprocessor/tuple/elem.hpp:23[m[K,
                 from [01m[K/usr/include/boost/preprocessor/arithmetic/add.hpp:21[m[K,
                 from [01m[K/usr/include/boost/mpl/aux_/preprocessor/def_params_tail.hpp:66[m[K,
                 from [01m[K/usr/include/boost/mpl/aux_/na_spec.hpp:28[m[K,
                 from [01m[K/usr/include/boost/mpl/next_prior.hpp:18[m[K,
                 from [01m[K/usr/include/boost/mpl/next.hpp:17[m[K,
                 from [01m[K/usr/include/boost/mpl/list/aux_/push_front.hpp:18[m[K,
                 from [01m[K/usr/include/boost/mpl/list/list0.hpp:19[m[K,
                 from [01m[K/usr/include/boost/mpl/list/list10.hpp:18[m[K,
                 from [01m[K/usr/include/boost/mpl/list/list20.hpp:18[m[K,
                 from [01m[K/usr/include/boost/mpl/list.hpp:36[m[K,
                 from [01m[K/usr/include/boost/math/policies/policy.hpp:9[m[K,
                 from [01m[K/usr/include/boost/math/policies/error_handling.hpp:21[m[K,
                 from [01m[K/usr/include/boost/math/special_functions/round.hpp:14[m[K,
                 from [01m[K/opt/ros/noetic/include/ros/time.h:58[m[K,
                 from [01m[K/opt/ros/noetic/include/ros/serialization.h:34[m[K,
                 from [01m[K/home/cnsa_hao/BIN/Test02_ego/devel/.private/patchwork/include/patchwork/node.h:14[m[K,
                 from [01m[K/home/cnsa_hao/BIN/Test02_ego/src/patchwork/nodes/pub_for_legoloam.cpp:3[m[K:
[01m[K/home/cnsa_hao/BIN/Test02_ego/src/patchwork/include/patchwork/utils.hpp:69:36:[m[K [01;35m[Kwarning: [m[K‘[01m[Kusing uint16_t = uint16_t[m[K’ is deprecated: use std::uint16_t instead of pcl::uint16_t [[01;35m[K-Wdeprecated-declarations[m[K]
   69 |                                   ([01;35m[Kuint16_t[m[K, id, id))
      |                                    [01;35m[K^~~~~~~~[m[K
In file included from [01m[K/usr/include/pcl-1.10/pcl/PCLPointField.h:10[m[K,
                 from [01m[K/usr/include/pcl-1.10/pcl/conversions.h:46[m[K,
                 from [01m[K/opt/ros/noetic/include/pcl_conversions/pcl_conversions.h:44[m[K,
                 from [01m[K/home/cnsa_hao/BIN/Test02_ego/src/patchwork/include/patchwork/patchwork.hpp:10[m[K,
                 from [01m[K/home/cnsa_hao/BIN/Test02_ego/src/patchwork/nodes/pub_for_legoloam.cpp:5[m[K:
[01m[K/usr/include/pcl-1.10/pcl/pcl_macros.h:94:9:[m[K [01;36m[Knote: [m[Kdeclared here
   94 |   using [01;36m[Kuint16_t[m[K [[deprecated("use std::uint16_t instead of pcl::uint16_t")]] = std::uint16_t;
      |         [01;36m[K^~~~~~~~[m[K
In file included from [01m[K/home/cnsa_hao/BIN/Test02_ego/src/patchwork/include/tools/kitti_loader.hpp:4[m[K,
                 from [01m[K/home/cnsa_hao/BIN/Test02_ego/src/patchwork/nodes/pub_for_legoloam.cpp:8[m[K:
[01m[K/home/cnsa_hao/BIN/Test02_ego/src/patchwork/include/patchwork/utils.hpp:[m[K In function ‘[01m[Kint save_all_labels(const pcl::PointCloud<PointXYZILID>&, std::string, std::string, int)[m[K’:
[01m[K/home/cnsa_hao/BIN/Test02_ego/src/patchwork/include/patchwork/utils.hpp:239:1:[m[K [01;35m[Kwarning: [m[Kno return statement in function returning non-void [[01;35m[K-Wreturn-type[m[K]
  239 | [01;35m[K}[m[K
      | [01;35m[K^[m[K
In file included from [01m[K/home/cnsa_hao/BIN/Test02_ego/src/patchwork/nodes/offline_kitti.cpp:10[m[K:
[01m[K/home/cnsa_hao/BIN/Test02_ego/src/patchwork/include/tools/kitti_loader.hpp:[m[K In member function ‘[01m[Kint KittiLoader::get_cloud(size_t, pcl::PointCloud<PointT>&) const [with T = PointXYZILID][m[K’:
[01m[K/home/cnsa_hao/BIN/Test02_ego/src/patchwork/include/tools/kitti_loader.hpp:44:21:[m[K [01;35m[Kwarning: [m[Kcontrol reaches end of non-void function [[01;35m[K-Wreturn-type[m[K]
   44 |         std::string [01;35m[Kfilename[m[K = (boost::format("%s/%06d.bin") % pc_path_ % idx).str();
      |                     [01;35m[K^~~~~~~~[m[K
